[ 2020-03-11T00:00:04+08:00 ] 103.210.236.106 /index.php?g=Cliapi&m=Task&a=getData
ERR: 无法加载控制器:Task

[ 2020-03-11T01:00:01+08:00 ] 103.210.236.106 /index.php?g=Cliapi&m=Task&a=getData
ERR: 无法加载控制器:Task

[ 2020-03-11T02:00:01+08:00 ] 103.210.236.106 /index.php?g=Cliapi&m=Task&a=getData
ERR: 无法加载控制器:Task

[ 2020-03-11T03:00:01+08:00 ] 103.210.236.106 /index.php?g=Cliapi&m=Task&a=getData
ERR: 无法加载控制器:Task

[ 2020-03-11T04:00:01+08:00 ] 103.210.236.106 /index.php?g=Cliapi&m=Task&a=getData
ERR: 无法加载控制器:Task

[ 2020-03-11T05:00:01+08:00 ] 103.210.236.106 /index.php?g=Cliapi&m=Task&a=getData
ERR: 无法加载控制器:Task

[ 2020-03-11T05:10:05+08:00 ] 103.210.236.106 /index.php?g=Cliapi&m=Autotask&a=Zixuncaiji
ERR: Client error: `GET https://new.qq.com/zt/template/?id=SPO2019092100321300` resulted in a `403 Forbidden` response:
<html>
<head><title>403 Forbidden</title></head>
<body bgcolor="white">
<center><h1>403 Forbidden</h1></center>
<hr> (truncated...)


[ 2020-03-11T06:00:01+08:00 ] 103.210.236.106 /index.php?g=Cliapi&m=Task&a=getData
ERR: 无法加载控制器:Task

[ 2020-03-11T07:00:01+08:00 ] 103.210.236.106 /index.php?g=Cliapi&m=Task&a=getData
ERR: 无法加载控制器:Task

[ 2020-03-11T08:00:01+08:00 ] 103.210.236.106 /index.php?g=Cliapi&m=Task&a=getData
ERR: 无法加载控制器:Task

[ 2020-03-11T09:00:01+08:00 ] 103.210.236.106 /index.php?g=Cliapi&m=Task&a=getData
ERR: 无法加载控制器:Task

[ 2020-03-11T10:00:02+08:00 ] 103.210.236.106 /index.php?g=Cliapi&m=Task&a=getData
ERR: 无法加载控制器:Task

[ 2020-03-11T10:20:37+08:00 ] 103.210.236.106 /index.php?g=Cliapi&m=Autotask&a=Zixuncaiji
ERR: Server error: `GET https://www.dongqiudi.com/article/1361820` resulted in a `502 Bad Gateway` response:
<!DOCTYPE html PUBLIC "-//W3C//DTD XHTML 1.0 Transitional//EN" "http://www.w3.org/TR/xhtml1/DTD/xhtml1-transitional.dtd" (truncated...)


[ 2020-03-11T10:27:03+08:00 ] 39.82.210.201 /index.php?g=Cliapi&m=Banner&a=hosts
INFO: [ app_begin ] --START--
INFO: Run Behavior\ReadHtmlCacheBehavior [ RunTime:0.000348s ]
INFO: Run Behavior\CheckLangBehavior [ RunTime:0.000305s ]
INFO: [ app_begin ] --END-- [ RunTime:0.000840s ]
SQL: SHOW COLUMNS FROM `cmf_options` [ RunTime:0.0010s ]
SQL: SELECT `option_value` FROM `cmf_options` WHERE ( option_name='configpub' ) LIMIT 1   [ RunTime:0.0001s ]
SQL: SHOW COLUMNS FROM `cmf_dev_api_debug` [ RunTime:0.0004s ]
SQL: INSERT INTO `cmf_dev_api_debug` (`uid`,`url`,`data`,`type`,`create_time`,`ip`) VALUES ('0','http://5g.appyunwei.cn/index.php?g=Cliapi&m=Banner&a=hosts','[]','post','1583893623','39.82.210.201') [ RunTime:0.0003s ]
SQL: SHOW COLUMNS FROM `cmf_duihuan` [ RunTime:0.0005s ]
SQL: SELECT COUNT(*) AS tp_count FROM `cmf_duihuan` WHERE `sta` = 1 AND `type` = '实物' AND `hots` = 1 LIMIT 1   [ RunTime:0.0003s ]
SQL: SELECT `id`,`jinbi`,`yingbi`,`miaoshu`,`shopname`,`img`,`sta`,`type`,`typefenid`,`paymentren`,`figure_img`,`product`,`hots`,`cat_id`,`sort`,`recom` FROM `cmf_duihuan` WHERE `sta` = 1 AND `type` = '实物' AND `hots` = 1 ORDER BY id desc LIMIT 0,10   [ RunTime:0.0004s ]

[ 2020-03-11T10:28:18+08:00 ] 39.82.210.201 /index.php?g=Cliapi&m=Banner&a=hosts
INFO: [ app_begin ] --START--
INFO: Run Behavior\ReadHtmlCacheBehavior [ RunTime:0.000300s ]
INFO: Run Behavior\CheckLangBehavior [ RunTime:0.000377s ]
INFO: [ app_begin ] --END-- [ RunTime:0.000916s ]
SQL: SHOW COLUMNS FROM `cmf_options` [ RunTime:0.0007s ]
SQL: SELECT `option_value` FROM `cmf_options` WHERE ( option_name='configpub' ) LIMIT 1   [ RunTime:0.0002s ]
SQL: SHOW COLUMNS FROM `cmf_dev_api_debug` [ RunTime:0.0005s ]
SQL: INSERT INTO `cmf_dev_api_debug` (`uid`,`url`,`data`,`type`,`create_time`,`ip`) VALUES ('0','http://5g.appyunwei.cn/index.php?g=Cliapi&m=Banner&a=hosts','[]','post','1583893698','39.82.210.201') [ RunTime:0.0004s ]
SQL: SHOW COLUMNS FROM `cmf_duihuan` [ RunTime:0.0006s ]
SQL: SELECT COUNT(*) AS tp_count FROM `cmf_duihuan` WHERE `sta` = 1 AND `type` = '实物' AND `hots` = 1 LIMIT 1   [ RunTime:0.0002s ]
SQL: SELECT `id`,`jinbi`,`yingbi`,`miaoshu`,`shopname`,`img`,`sta`,`type`,`typefenid`,`paymentren`,`figure_img`,`product`,`hots`,`cat_id`,`sort`,`recom` FROM `cmf_duihuan` WHERE `sta` = 1 AND `type` = '实物' AND `hots` = 1 ORDER BY id desc LIMIT 0,10   [ RunTime:0.0002s ]

[ 2020-03-11T10:31:23+08:00 ] 39.82.210.201 /index.php?g=Cliapi&m=Banner&a=hosts
INFO: [ app_begin ] --START--
INFO: Run Behavior\ReadHtmlCacheBehavior [ RunTime:0.000329s ]
INFO: Run Behavior\CheckLangBehavior [ RunTime:0.000341s ]
INFO: [ app_begin ] --END-- [ RunTime:0.000895s ]
SQL: SHOW COLUMNS FROM `cmf_options` [ RunTime:0.0011s ]
SQL: SELECT `option_value` FROM `cmf_options` WHERE ( option_name='configpub' ) LIMIT 1   [ RunTime:0.0002s ]
SQL: SHOW COLUMNS FROM `cmf_dev_api_debug` [ RunTime:0.0006s ]
SQL: INSERT INTO `cmf_dev_api_debug` (`uid`,`url`,`data`,`type`,`create_time`,`ip`) VALUES ('0','http://5g.appyunwei.cn/index.php?g=Cliapi&m=Banner&a=hosts','[]','post','1583893883','39.82.210.201') [ RunTime:0.0003s ]
SQL: SHOW COLUMNS FROM `cmf_duihuan` [ RunTime:0.0005s ]
SQL: SELECT COUNT(*) AS tp_count FROM `cmf_duihuan` WHERE `sta` = 1 AND `type` = '实物' AND `hots` = 1 LIMIT 1   [ RunTime:0.0005s ]
SQL: SELECT `id`,`jinbi`,`yingbi`,`miaoshu`,`shopname`,`img`,`sta`,`type`,`typefenid`,`paymentren`,`figure_img`,`product`,`hots`,`cat_id`,`sort`,`recom` FROM `cmf_duihuan` WHERE `sta` = 1 AND `type` = '实物' AND `hots` = 1 ORDER BY id desc LIMIT 0,10   [ RunTime:0.0003s ]

[ 2020-03-11T10:36:16+08:00 ] 39.82.210.201 /index.php?g=Cliapi&m=Banner&a=hosts
INFO: [ app_begin ] --START--
INFO: Run Behavior\ReadHtmlCacheBehavior [ RunTime:0.000285s ]
INFO: Run Behavior\CheckLangBehavior [ RunTime:0.000353s ]
INFO: [ app_begin ] --END-- [ RunTime:0.000832s ]
SQL: SHOW COLUMNS FROM `cmf_options` [ RunTime:0.0010s ]
SQL: SELECT `option_value` FROM `cmf_options` WHERE ( option_name='configpub' ) LIMIT 1   [ RunTime:0.0002s ]
SQL: SHOW COLUMNS FROM `cmf_dev_api_debug` [ RunTime:0.0005s ]
SQL: INSERT INTO `cmf_dev_api_debug` (`uid`,`url`,`data`,`type`,`create_time`,`ip`) VALUES ('0','http://5g.appyunwei.cn/index.php?g=Cliapi&m=Banner&a=hosts','[]','post','1583894176','39.82.210.201') [ RunTime:0.0003s ]
SQL: SHOW COLUMNS FROM `cmf_duihuan` [ RunTime:0.0006s ]
SQL: SELECT COUNT(*) AS tp_count FROM `cmf_duihuan` WHERE `sta` = 1 AND `type` = '实物' AND `hots` = 1 LIMIT 1   [ RunTime:0.0001s ]
SQL: SELECT `id`,`jinbi`,`yingbi`,`miaoshu`,`shopname`,`img`,`sta`,`type`,`typefenid`,`paymentren`,`figure_img`,`product`,`hots`,`cat_id`,`sort`,`recom` FROM `cmf_duihuan` WHERE `sta` = 1 AND `type` = '实物' AND `hots` = 1 ORDER BY id desc LIMIT 0,10   [ RunTime:0.0002s ]

[ 2020-03-11T10:37:03+08:00 ] 39.82.210.201 /index.php?g=Cliapi&m=Banner&a=hosts
INFO: [ app_begin ] --START--
INFO: Run Behavior\ReadHtmlCacheBehavior [ RunTime:0.000479s ]
INFO: Run Behavior\CheckLangBehavior [ RunTime:0.000549s ]
INFO: [ app_begin ] --END-- [ RunTime:0.001271s ]
SQL: SHOW COLUMNS FROM `cmf_options` [ RunTime:0.0014s ]
SQL: SELECT `option_value` FROM `cmf_options` WHERE ( option_name='configpub' ) LIMIT 1   [ RunTime:0.0002s ]
SQL: SHOW COLUMNS FROM `cmf_dev_api_debug` [ RunTime:0.0011s ]
SQL: INSERT INTO `cmf_dev_api_debug` (`uid`,`url`,`data`,`type`,`create_time`,`ip`) VALUES ('0','http://5g.appyunwei.cn/index.php?g=Cliapi&m=Banner&a=hosts','[]','post','1583894223','39.82.210.201') [ RunTime:0.0005s ]
SQL: SHOW COLUMNS FROM `cmf_duihuan` [ RunTime:0.0007s ]
SQL: SELECT COUNT(*) AS tp_count FROM `cmf_duihuan` WHERE `sta` = 1 AND `type` = '实物' AND `hots` = 1 LIMIT 1   [ RunTime:0.0002s ]
SQL: SELECT `id`,`jinbi`,`yingbi`,`miaoshu`,`shopname`,`img`,`sta`,`type`,`typefenid`,`paymentren`,`figure_img`,`product`,`hots`,`cat_id`,`sort`,`recom` FROM `cmf_duihuan` WHERE `sta` = 1 AND `type` = '实物' AND `hots` = 1 ORDER BY id desc LIMIT 0,10   [ RunTime:0.0001s ]

[ 2020-03-11T10:37:42+08:00 ] 39.82.210.201 /index.php?g=Cliapi&m=Banner&a=hosts
INFO: [ app_begin ] --START--
INFO: Run Behavior\ReadHtmlCacheBehavior [ RunTime:0.000311s ]
INFO: Run Behavior\CheckLangBehavior [ RunTime:0.000347s ]
INFO: [ app_begin ] --END-- [ RunTime:0.000873s ]
SQL: SHOW COLUMNS FROM `cmf_options` [ RunTime:0.0008s ]
SQL: SELECT `option_value` FROM `cmf_options` WHERE ( option_name='configpub' ) LIMIT 1   [ RunTime:0.0001s ]
SQL: SHOW COLUMNS FROM `cmf_dev_api_debug` [ RunTime:0.0004s ]
SQL: INSERT INTO `cmf_dev_api_debug` (`uid`,`url`,`data`,`type`,`create_time`,`ip`) VALUES ('0','http://5g.appyunwei.cn/index.php?g=Cliapi&m=Banner&a=hosts','[]','post','1583894262','39.82.210.201') [ RunTime:0.0002s ]
SQL: SHOW COLUMNS FROM `cmf_duihuan` [ RunTime:0.0005s ]
SQL: SELECT COUNT(*) AS tp_count FROM `cmf_duihuan` WHERE `sta` = 1 AND `type` = '实物' AND `hots` = 1 LIMIT 1   [ RunTime:0.0001s ]
SQL: SELECT `id`,`jinbi`,`yingbi`,`miaoshu`,`shopname`,`img`,`sta`,`type`,`typefenid`,`paymentren`,`figure_img`,`product`,`hots`,`cat_id`,`sort`,`recom` FROM `cmf_duihuan` WHERE `sta` = 1 AND `type` = '实物' AND `hots` = 1 ORDER BY id desc LIMIT 0,10   [ RunTime:0.0001s ]

[ 2020-03-11T10:41:47+08:00 ] 39.82.210.201 /index.php?g=Cliapi&m=Banner&a=hosts
INFO: [ app_begin ] --START--
INFO: Run Behavior\ReadHtmlCacheBehavior [ RunTime:0.000295s ]
INFO: Run Behavior\CheckLangBehavior [ RunTime:0.000344s ]
INFO: [ app_begin ] --END-- [ RunTime:0.000889s ]
SQL: SHOW COLUMNS FROM `cmf_options` [ RunTime:0.0008s ]
SQL: SELECT `option_value` FROM `cmf_options` WHERE ( option_name='configpub' ) LIMIT 1   [ RunTime:0.0002s ]
SQL: SHOW COLUMNS FROM `cmf_dev_api_debug` [ RunTime:0.0006s ]
SQL: INSERT INTO `cmf_dev_api_debug` (`uid`,`url`,`data`,`type`,`create_time`,`ip`) VALUES ('0','http://5g.appyunwei.cn/index.php?g=Cliapi&m=Banner&a=hosts','[]','post','1583894507','39.82.210.201') [ RunTime:0.0006s ]
SQL: SHOW COLUMNS FROM `cmf_duihuan` [ RunTime:0.0005s ]
SQL: SELECT COUNT(*) AS tp_count FROM `cmf_duihuan` WHERE `sta` = 1 AND `type` = '实物' AND `hots` = 1 LIMIT 1   [ RunTime:0.0004s ]
SQL: SELECT `id`,`jinbi`,`yingbi`,`miaoshu`,`shopname`,`img`,`sta`,`type`,`typefenid`,`paymentren`,`figure_img`,`product`,`hots`,`cat_id`,`sort`,`recom` FROM `cmf_duihuan` WHERE `sta` = 1 AND `type` = '实物' AND `hots` = 1 ORDER BY id desc LIMIT 0,10   [ RunTime:0.0003s ]

[ 2020-03-11T11:00:02+08:00 ] 103.210.236.106 /index.php?g=Cliapi&m=Task&a=getData
ERR: 无法加载控制器:Task

[ 2020-03-11T11:49:01+08:00 ] 103.210.236.106 /index.php?g=Cliapi&m=Autotask&a=scheduleDb
ERR: 1030:Got error 28 from storage engine
 [ SQL语句 ] : SHOW COLUMNS FROM `cmf_socket`

[ 2020-03-11T11:50:02+08:00 ] 103.210.236.106 /index.php?g=Cliapi&m=Autotask&a=Zixuncaiji
ERR: 1030:Got error 28 from storage engine
 [ SQL语句 ] : SHOW COLUMNS FROM `cmf_show`

[ 2020-03-11T11:50:03+08:00 ] 103.210.236.106 /index.php?g=Cliapi&m=Autotask&a=scheduleDb
ERR: 1030:Got error 28 from storage engine
 [ SQL语句 ] : SHOW COLUMNS FROM `cmf_socket`

[ 2020-03-11T11:55:03+08:00 ] 103.210.236.106 /index.php?g=Cliapi&m=Autotask&a=scheduleDb
ERR: 1030:Got error 28 from storage engine
 [ SQL语句 ] : SHOW COLUMNS FROM `cmf_socket`

[ 2020-03-11T11:56:01+08:00 ] 103.210.236.106 /index.php?g=Cliapi&m=Autotask&a=scheduleDb
ERR: 1030:Got error 28 from storage engine
 [ SQL语句 ] : SHOW COLUMNS FROM `cmf_socket`

[ 2020-03-11T11:56:39+08:00 ] 39.82.210.201 /index.php?g=Cliapi&m=Banner&a=hosts
INFO: [ app_begin ] --START--
INFO: Run Behavior\ReadHtmlCacheBehavior [ RunTime:0.000302s ]
INFO: Run Behavior\CheckLangBehavior [ RunTime:0.000361s ]
INFO: [ app_begin ] --END-- [ RunTime:0.000908s ]
ERR: 1030:Got error 28 from storage engine
 [ SQL语句 ] : SHOW COLUMNS FROM `cmf_options`
ERR: 1030:Got error 28 from storage engine
 [ SQL语句 ] : SHOW COLUMNS FROM `cmf_options`

[ 2020-03-11T11:56:40+08:00 ] 39.82.210.201 /index.php?g=Cliapi&m=Banner&a=hosts
INFO: [ app_begin ] --START--
INFO: Run Behavior\ReadHtmlCacheBehavior [ RunTime:0.000343s ]
INFO: Run Behavior\CheckLangBehavior [ RunTime:0.000305s ]
INFO: [ app_begin ] --END-- [ RunTime:0.00[ 2020-03-11T11:57:06+08:00 ] 39.82.210.201 /index.php?g=Cliapi&m=Banner&a=hosts
INFO: [ app_begin ] --START--
INFO: Run Behavior\ReadHtmlCacheBehavior [ RunTime:0.000547s ]
INFO: Run Behavior\CheckLangBehavior [ RunTime:0.000612s ]
INFO: [ app_begin ] --END-- [ RunTime:0.001548s ]
SQL: SHOW COLUMNS FROM `cmf_options` [ RunTime:0.0257s ]
SQL: SELECT `option_value` FROM `cmf_options` WHERE ( option_name='configpub' ) LIMIT 1   [ RunTime:0.0001s ]
SQL: SHOW COLUMNS FROM `cmf_dev_api_debug` [ RunTime:0.0757s ]
SQL: INSERT INTO `cmf_dev_api_debug` (`uid`,`url`,`data`,`type`,`create_time`,`ip`) VALUES ('0','http://5g.appyunwei.cn/index.php?g=Cliapi&m=Banner&a=hosts','[]','post','1583899026','39.82.210.201') [ RunTime:0.0463s ]
SQL: SHOW COLUMNS FROM `cmf_duihuan` [ RunTime:0.0009s ]
SQL: SELECT COUNT(*) AS tp_count FROM `cmf_duihuan` WHERE `sta` = 1 AND `type` = '实物' AND `hots` = 1 LIMIT 1   [ RunTime:0.0005s ]
SQL: SELECT `id`,`jinbi`,`yingbi`,`miaoshu`,`shopname`,`img`,`sta`,`type`,`typefenid`,`paymentren`,`figure_img`,`product`,`hots`,`cat_id`,`sort`,`recom` FROM `cmf_duihuan` WHERE `sta` = 1 AND `type` = '实物' AND `hots` = 1 ORDER BY id desc LIMIT 0,10   [ RunTime:0.0007s ]

[ 2020-03-11T12:00:01+08:00 ] 103.210.236.106 /index.php?g=Cliapi&m=Task&a=getData
ERR: 无法加载控制器:Task

[ 2020-03-11T13:00:01+08:00 ] 103.210.236.106 /index.php?g=Cliapi&m=Task&a=getData
ERR: 无法加载控制器:Task

[ 2020-03-11T13:33:54+08:00 ] 39.82.210.201 /index.php?g=Cliapi&m=Banner&a=hosts
INFO: [ app_begin ] --START--
INFO: Run Behavior\ReadHtmlCacheBehavior [ RunTime:0.000301s ]
INFO: Run Behavior\CheckLangBehavior [ RunTime:0.000337s ]
INFO: [ app_begin ] --END-- [ RunTime:0.000835s ]
SQL: SHOW COLUMNS FROM `cmf_options` [ RunTime:0.0009s ]
SQL: SELECT `option_value` FROM `cmf_options` WHERE ( option_name='configpub' ) LIMIT 1   [ RunTime:0.0002s ]
SQL: SHOW COLUMNS FROM `cmf_dev_api_debug` [ RunTime:0.0005s ]
SQL: INSERT INTO `cmf_dev_api_debug` (`uid`,`url`,`data`,`type`,`create_time`,`ip`) VALUES ('0','http://5g.appyunwei.cn/index.php?g=Cliapi&m=Banner&a=hosts','[]','post','1583904834','39.82.210.201') [ RunTime:0.0004s ]
SQL: SHOW COLUMNS FROM `cmf_duihuan` [ RunTime:0.0006s ]
SQL: SELECT COUNT(*) AS tp_count FROM `cmf_duihuan` WHERE `sta` = 1 AND `type` = '实物' AND `hots` = 1 LIMIT 1   [ RunTime:0.0008s ]
SQL: SELECT `id`,`jinbi`,`yingbi`,`miaoshu`,`shopname`,`img`,`sta`,`type`,`typefenid`,`paymentren`,`figure_img`,`product`,`hots`,`cat_id`,`sort`,`recom` FROM `cmf_duihuan` WHERE `sta` = 1 AND `type` = '实物' AND `hots` = 1 ORDER BY id desc LIMIT 0,10   [ RunTime:0.0004s ]
SQL: SHOW COLUMNS FROM `cmf_duihuan` [ RunTime:0.0006s ]
SQL: SELECT * FROM `cmf_duihuan` WHERE `type` = '实物' AND `sta` = 1 AND `hots` = 1 ORDER BY sort asc  [ RunTime:0.0001s ]

[ 2020-03-11T13:33:56+08:00 ] 39.82.210.201 /index.php?g=Cliapi&m=Banner&a=hosts
INFO: [ app_begin ] --START--
INFO: Run Behavior\ReadHtmlCacheBehavior [ RunTime:0.000259s ]
INFO: Run Behavior\CheckLangBehavior [ RunTime:0.000472s ]
INFO: [ app_begin ] --END-- [ RunTime:0.000919s ]
SQL: SHOW COLUMNS FROM `cmf_options` [ RunTime:0.0008s ]
SQL: SELECT `option_value` FROM `cmf_options` WHERE ( option_name='configpub' ) LIMIT 1   [ RunTime:0.0001s ]
SQL: SHOW COLUMNS FROM `cmf_dev_api_debug` [ RunTime:0.0004s ]
SQL: INSERT INTO `cmf_dev_api_debug` (`uid`,`url`,`data`,`type`,`create_time`,`ip`) VALUES ('0','http://5g.appyunwei.cn/index.php?g=Cliapi&m=Banner&a=hosts','[]','post','1583904836','39.82.210.201') [ RunTime:0.0003s ]
SQL: SHOW COLUMNS FROM `cmf_duihuan` [ RunTime:0.0004s ]
SQL: SELECT COUNT(*) AS tp_count FROM `cmf_duihuan` WHERE `sta` = 1 AND `type` = '实物' AND `hots` = 1 LIMIT 1   [ RunTime:0.0001s ]
SQL: SELECT `id`,`jinbi`,`yingbi`,`miaoshu`,`shopname`,`img`,`sta`,`type`,`typefenid`,`paymentren`,`figure_img`,`product`,`hots`,`cat_id`,`sort`,`recom` FROM `cmf_duihuan` WHERE `sta` = 1 AND `type` = '实物' AND `hots` = 1 ORDER BY id desc LIMIT 0,10   [ RunTime:0.0002s ]
SQL: SHOW COLUMNS FROM `cmf_duihuan` [ RunTime:0.0005s ]
SQL: SELECT * FROM `cmf_duihuan` WHERE `type` = '实物' AND `sta` = 1 AND `hots` = 1 ORDER BY sort asc  [ RunTime:0.0001s ]

[ 2020-03-11T13:34:42+08:00 ] 39.82.210.201 /index.php?g=Cliapi&m=Banner&a=hosts
INFO: [ app_begin ] --START--
INFO: Run Behavior\ReadHtmlCacheBehavior [ RunTime:0.000337s ]
INFO: Run Behavior\CheckLangBehavior [ RunTime:0.000399s ]
INFO: [ app_begin ] --END-- [ RunTime:0.000966s ]
SQL: SHOW COLUMNS FROM `cmf_options` [ RunTime:0.0018s ]
SQL: SELECT `option_value` FROM `cmf_options` WHERE ( option_name='configpub' ) LIMIT 1   [ RunTime:0.0002s ]
SQL: SHOW COLUMNS FROM `cmf_dev_api_debug` [ RunTime:0.0004s ]
SQL: INSERT INTO `cmf_dev_api_debug` (`uid`,`url`,`data`,`type`,`create_time`,`ip`) VALUES ('0','http://5g.appyunwei.cn/index.php?g=Cliapi&m=Banner&a=hosts','[]','post','1583904882','39.82.210.201') [ RunTime:0.0004s ]
SQL: SHOW COLUMNS FROM `cmf_duihuan` [ RunTime:0.0010s ]
SQL: SELECT COUNT(*) AS tp_count FROM `cmf_duihuan` WHERE `sta` = 1 AND `type` = '实物' AND `hots` = 1 LIMIT 1   [ RunTime:0.0002s ]
SQL: SELECT `id`,`jinbi`,`yingbi`,`miaoshu`,`shopname`,`img`,`sta`,`type`,`typefenid`,`paymentren`,`figure_img`,`product`,`hots`,`cat_id`,`sort`,`recom` FROM `cmf_duihuan` WHERE `sta` = 1 AND `type` = '实物' AND `hots` = 1 ORDER BY id desc LIMIT 0,10   [ RunTime:0.0002s ]
SQL: SHOW COLUMNS FROM `cmf_duihuan` [ RunTime:0.0006s ]
SQL: SELECT * FROM `cmf_duihuan` WHERE `type` = '实物' AND `sta` = 1 AND `hots` = 1 ORDER BY sort asc  [ RunTime:0.0002s ]
NOTIC: [8] Undefined index: _list /www/wwwroot/5g.appyunwei.cn/application/Cliapi/Controller/BannerController.class.php 第 374 行.
NOTIC: [2] Invalid argument supplied for foreach() /www/wwwroot/5g.appyunwei.cn/application/Cliapi/Controller/BannerController.class.php 第 374 行.
NOTIC: [8] Undefined variable: datas /www/wwwroot/5g.appyunwei.cn/application/Cliapi/Controller/BannerController.class.php 第 389 行.
NOTIC: [2] array_column() expects parameter 1 to be array, null given /www/wwwroot/5g.appyunwei.cn/application/Cliapi/Controller/BannerController.class.php 第 389 行.
NOTIC: [2] array_multisort(): Argument #1 is expected to be an array or a sort flag /www/wwwroot/5g.appyunwei.cn/application/Cliapi/Controller/BannerController.class.php 第 390 行.

[ 2020-03-11T13:34:43+08:00 ] 39.82.210.201 /index.php?g=Cliapi&m=Banner&a=hosts
INFO: [ app_begin ] --START--
INFO: Run Behavior\ReadHtmlCacheBehavior [ RunTime:0.000399s ]
INFO: Run Behavior\CheckLangBehavior [ RunTime:0.000501s ]
INFO: [ app_begin ] --END-- [ RunTime:0.001215s ]
SQL: SHOW COLUMNS FROM `cmf_options` [ RunTime:0.0010s ]
SQL: SELECT `option_value` FROM `cmf_options` WHERE ( option_name='configpub' ) LIMIT 1   [ RunTime:0.0001s ]
SQL: SHOW COLUMNS FROM `cmf_dev_api_debug` [ RunTime:0.0005s ]
SQL: INSERT INTO `cmf_dev_api_debug` (`uid`,`url`,`data`,`type`,`create_time`,`ip`) VALUES ('0','http://5g.appyunwei.cn/index.php?g=Cliapi&m=Banner&a=hosts','[]','post','1583904883','39.82.210.201') [ RunTime:0.0003s ]
SQL: SHOW COLUMNS FROM `cmf_duihuan` [ RunTime:0.0006s ]
SQL: SELECT COUNT(*) AS tp_count FROM `cmf_duihuan` WHERE `sta` = 1 AND `type` = '实物' AND `hots` = 1 LIMIT 1   [ RunTime:0.0001s ]
SQL: SELECT `id`,`jinbi`,`yingbi`,`miaoshu`,`shopname`,`img`,`sta`,`type`,`typefenid`,`paymentren`,`figure_img`,`product`,`hots`,`cat_id`,`sort`,`recom` FROM `cmf_duihuan` WHERE `sta` = 1 AND `type` = '实物' AND `hots` = 1 ORDER BY id desc LIMIT 0,10   [ RunTime:0.0001s ]
SQL: SHOW COLUMNS FROM `cmf_duihuan` [ RunTime:0.0006s ]
SQL: SELECT * FROM `cmf_duihuan` WHERE `type` = '实物' AND `sta` = 1 AND `hots` = 1 ORDER BY sort asc  [ RunTime:0.0001s ]
NOTIC: [8] Undefined index: _list /www/wwwroot/5g.appyunwei.cn/application/Cliapi/Controller/BannerController.class.php 第 374 行.
NOTIC: [2] Invalid argument supplied for foreach() /www/wwwroot/5g.appyunwei.cn/application/Cliapi/Controller/BannerController.class.php 第 374 行.
NOTIC: [8] Undefined variable: datas /www/wwwroot/5g.appyunwei.cn/application/Cliapi/Controller/BannerController.class.php 第 389 行.
NOTIC: [2] array_column() expects parameter 1 to be array, null given /www/wwwroot/5g.appyunwei.cn/application/Cliapi/Controller/BannerController.class.php 第 389 行.
NOTIC: [2] array_multisort(): Argument #1 is expected to be an array or a sort flag /www/wwwroot/5g.appyunwei.cn/application/Cliapi/Controller/BannerController.class.php 第 390 行.

[ 2020-03-11T13:34:43+08:00 ] 39.82.210.201 /index.php?g=Cliapi&m=Banner&a=hosts
INFO: [ app_begin ] --START--
INFO: Run Behavior\ReadHtmlCacheBehavior [ RunTime:0.000296s ]
INFO: Run Behavior\CheckLangBehavior [ RunTime:0.000339s ]
INFO: [ app_begin ] --END-- [ RunTime:0.000827s ]
SQL: SHOW COLUMNS FROM `cmf_options` [ RunTime:0.0007s ]
SQL: SELECT `option_value` FROM `cmf_options` WHERE ( option_name='configpub' ) LIMIT 1   [ RunTime:0.0001s ]
SQL: SHOW COLUMNS FROM `cmf_dev_api_debug` [ RunTime:0.0004s ]
SQL: INSERT INTO `cmf_dev_api_debug` (`uid`,`url`,`data`,`type`,`create_time`,`ip`) VALUES ('0','http://5g.appyunwei.cn/index.php?g=Cliapi&m=Banner&a=hosts','[]','post','1583904883','39.82.210.201') [ RunTime:0.0003s ]
SQL: SHOW COLUMNS FROM `cmf_duihuan` [ RunTime:0.0004s ]
SQL: SELECT COUNT(*) AS tp_count FROM `cmf_duihuan` WHERE `sta` = 1 AND `type` = '实物' AND `hots` = 1 LIMIT 1   [ RunTime:0.0001s ]
SQL: SELECT `id`,`jinbi`,`yingbi`,`miaoshu`,`shopname`,`img`,`sta`,`type`,`typefenid`,`paymentren`,`figure_img`,`product`,`hots`,`cat_id`,`sort`,`recom` FROM `cmf_duihuan` WHERE `sta` = 1 AND `type` = '实物' AND `hots` = 1 ORDER BY id desc LIMIT 0,10   [ RunTime:0.0002s ]
SQL: SHOW COLUMNS FROM `cmf_duihuan` [ RunTime:0.0005s ]
SQL: SELECT * FROM `cmf_duihuan` WHERE `type` = '实物' AND `sta` = 1 AND `hots` = 1 ORDER BY sort asc  [ RunTime:0.0001s ]
NOTIC: [8] Undefined index: _list /www/wwwroot/5g.appyunwei.cn/application/Cliapi/Controller/BannerController.class.php 第 374 行.
NOTIC: [2] Invalid argument supplied for foreach() /www/wwwroot/5g.appyunwei.cn/application/Cliapi/Controller/BannerController.class.php 第 374 行.
NOTIC: [8] Undefined variable: datas /www/wwwroot/5g.appyunwei.cn/application/Cliapi/Controller/BannerController.class.php 第 389 行.
NOTIC: [2] array_column() expects parameter 1 to be array, null given /www/wwwroot/5g.appyunwei.cn/application/Cliapi/Controller/BannerController.class.php 第 389 行.
NOTIC: [2] array_multisort(): Argument #1 is expected to be an array or a sort flag /www/wwwroot/5g.appyunwei.cn/application/Cliapi/Controller/BannerController.class.php 第 390 行.

[ 2020-03-11T13:34:43+08:00 ] 39.82.210.201 /index.php?g=Cliapi&m=Banner&a=hosts
INFO: [ app_begin ] --START--
INFO: Run Behavior\ReadHtmlCacheBehavior [ RunTime:0.000275s ]
INFO: Run Behavior\CheckLangBehavior [ RunTime:0.000344s ]
INFO: [ app_begin ] --END-- [ RunTime:0.000849s ]
SQL: SHOW COLUMNS FROM `cmf_options` [ RunTime:0.0007s ]
SQL: SELECT `option_value` FROM `cmf_options` WHERE ( option_name='configpub' ) LIMIT 1   [ RunTime:0.0002s ]
SQL: SHOW COLUMNS FROM `cmf_dev_api_debug` [ RunTime:0.0004s ]
SQL: INSERT INTO `cmf_dev_api_debug` (`uid`,`url`,`data`,`type`,`create_time`,`ip`) VALUES ('0','http://5g.appyunwei.cn/index.php?g=Cliapi&m=Banner&a=hosts','[]','post','1583904883','39.82.210.201') [ RunTime:0.0004s ]
SQL: SHOW COLUMNS FROM `cmf_duihuan` [ RunTime:0.0005s ]
SQL: SELECT COUNT(*) AS tp_count FROM `cmf_duihuan` WHERE `sta` = 1 AND `type` = '实物' AND `hots` = 1 LIMIT 1   [ RunTime:0.0001s ]
SQL: SELECT `id`,`jinbi`,`yingbi`,`miaoshu`,`shopname`,`img`,`sta`,`type`,`typefenid`,`paymentren`,`figure_img`,`product`,`hots`,`cat_id`,`sort`,`recom` FROM `cmf_duihuan` WHERE `sta` = 1 AND `type` = '实物' AND `hots` = 1 ORDER BY id desc LIMIT 0,10   [ RunTime:0.0002s ]
SQL: SHOW COLUMNS FROM `cmf_duihuan` [ RunTime:0.0005s ]
SQL: SELECT * FROM `cmf_duihuan` WHERE `type` = '实物' AND `sta` = 1 AND `hots` = 1 ORDER BY sort asc  [ RunTime:0.0001s ]
NOTIC: [8] Undefined index: _list /www/wwwroot/5g.appyunwei.cn/application/Cliapi/Controller/BannerController.class.php 第 374 行.
NOTIC: [2] Invalid argument supplied for foreach() /www/wwwroot/5g.appyunwei.cn/application/Cliapi/Controller/BannerController.class.php 第 374 行.
NOTIC: [8] Undefined variable: datas /www/wwwroot/5g.appyunwei.cn/application/Cliapi/Controller/BannerController.class.php 第 389 行.
NOTIC: [2] array_column() expects parameter 1 to be array, null given /www/wwwroot/5g.appyunwei.cn/application/Cliapi/Controller/BannerController.class.php 第 389 行.
NOTIC: [2] array_multisort(): Argument #1 is expected to be an array or a sort flag /www/wwwroot/5g.appyunwei.cn/application/Cliapi/Controller/BannerController.class.php 第 390 行.

[ 2020-03-11T13:34:58+08:00 ] 39.82.210.201 /index.php?g=Cliapi&m=Banner&a=hosts
INFO: [ app_begin ] --START--
INFO: Run Behavior\ReadHtmlCacheBehavior [ RunTime:0.000285s ]
INFO: Run Behavior\CheckLangBehavior [ RunTime:0.000357s ]
INFO: [ app_begin ] --END-- [ RunTime:0.000836s ]
SQL: SHOW COLUMNS FROM `cmf_options` [ RunTime:0.0007s ]
SQL: SELECT `option_value` FROM `cmf_options` WHERE ( option_name='configpub' ) LIMIT 1   [ RunTime:0.0001s ]
SQL: SHOW COLUMNS FROM `cmf_dev_api_debug` [ RunTime:0.0004s ]
SQL: INSERT INTO `cmf_dev_api_debug` (`uid`,`url`,`data`,`type`,`create_time`,`ip`) VALUES ('0','http://5g.appyunwei.cn/index.php?g=Cliapi&m=Banner&a=hosts','[]','post','1583904898','39.82.210.201') [ RunTime:0.0002s ]
SQL: SHOW COLUMNS FROM `cmf_duihuan` [ RunTime:0.0005s ]
SQL: SELECT COUNT(*) AS tp_count FROM `cmf_duihuan` WHERE `sta` = 1 AND `type` = '实物' AND `hots` = 1 LIMIT 1   [ RunTime:0.0001s ]
SQL: SELECT `id`,`jinbi`,`yingbi`,`miaoshu`,`shopname`,`img`,`sta`,`type`,`typefenid`,`paymentren`,`figure_img`,`product`,`hots`,`cat_id`,`sort`,`recom` FROM `cmf_duihuan` WHERE `sta` = 1 AND `type` = '实物' AND `hots` = 1 ORDER BY id desc LIMIT 0,10   [ RunTime:0.0001s ]

[ 2020-03-11T13:56:42+08:00 ] 39.82.210.201 /index.php?g=Cliapi&m=Banner&a=hosts
INFO: [ app_begin ] --START--
INFO: Run Behavior\ReadHtmlCacheBehavior [ RunTime:0.000306s ]
INFO: Run Behavior\CheckLangBehavior [ RunTime:0.000367s ]
INFO: [ app_begin ] --END-- [ RunTime:0.000933s ]
SQL: SHOW COLUMNS FROM `cmf_options` [ RunTime:0.0014s ]
SQL: SELECT `option_value` FROM `cmf_options` WHERE ( option_name='configpub' ) LIMIT 1   [ RunTime:0.0002s ]
SQL: SHOW COLUMNS FROM `cmf_dev_api_debug` [ RunTime:0.0005s ]
SQL: INSERT INTO `cmf_dev_api_debug` (`uid`,`url`,`data`,`type`,`create_time`,`ip`) VALUES ('0','http://5g.appyunwei.cn/index.php?g=Cliapi&m=Banner&a=hosts','[]','post','1583906202','39.82.210.201') [ RunTime:0.0005s ]
SQL: SHOW COLUMNS FROM `cmf_duihuan` [ RunTime:0.0005s ]
SQL: SELECT * FROM `cmf_duihuan` WHERE `type` = '实物' AND `sta` = 1 AND `hots` = 1 ORDER BY sort asc  [ RunTime:0.0002s ]

[ 2020-03-11T14:00:01+08:00 ] 103.210.236.106 /index.php?g=Cliapi&m=Task&a=getData
ERR: 无法加载控制器:Task

[ 2020-03-11T14:02:53+08:00 ] 39.82.210.201 /index.php?g=Cliapi&m=Banner&a=matdetails
INFO: [ app_begin ] --START--
INFO: Run Behavior\ReadHtmlCacheBehavior [ RunTime:0.000322s ]
INFO: Run Behavior\CheckLangBehavior [ RunTime:0.000381s ]
INFO: [ app_begin ] --END-- [ RunTime:0.000980s ]
SQL: SHOW COLUMNS FROM `cmf_options` [ RunTime:0.0011s ]
SQL: SELECT `option_value` FROM `cmf_options` WHERE ( option_name='configpub' ) LIMIT 1   [ RunTime:0.0002s ]
SQL: SHOW COLUMNS FROM `cmf_dev_api_debug` [ RunTime:0.0006s ]
SQL: INSERT INTO `cmf_dev_api_debug` (`uid`,`url`,`data`,`type`,`create_time`,`ip`) VALUES ('0','http://5g.appyunwei.cn/index.php?g=Cliapi&m=Banner&a=matdetails','{\"id\":\"52\"}','post','1583906573','39.82.210.201') [ RunTime:0.0005s ]
SQL: SHOW COLUMNS FROM `cmf_duihuan` [ RunTime:0.0005s ]
SQL: SELECT * FROM `cmf_duihuan` WHERE `id` = 52 AND `sta` = 1 LIMIT 1   [ RunTime:0.0009s ]
SQL: SHOW COLUMNS FROM `cmf_picture` [ RunTime:0.0004s ]
SQL: SELECT `path` FROM `cmf_picture` WHERE `id` = 485 LIMIT 1   [ RunTime:0.0001s ]
SQL: SELECT `path` FROM `cmf_picture` WHERE `id` = 485 LIMIT 1   [ RunTime:0.0001s ]
SQL: SHOW COLUMNS FROM `cmf_duihuan` [ RunTime:0.0004s ]
SQL: SELECT `id`,`img`,`jinbi`,`shopname`,`yingbi` FROM `cmf_duihuan` WHERE `sta` = 1 AND `recom` = 1 AND `type` = '实物' ORDER BY sort asc LIMIT 3   [ RunTime:0.0005s ]
SQL: SHOW COLUMNS FROM `cmf_inform` [ RunTime:0.0141s ]
SQL: SELECT `content` FROM `cmf_inform` WHERE `status` = 1 LIMIT 1   [ RunTime:0.0002s ]

[ 2020-03-11T15:00:01+08:00 ] 103.210.236.106 /index.php?g=Cliapi&m=Task&a=getData
ERR: 无法加载控制器:Task

[ 2020-03-11T16:00:01+08:00 ] 103.210.236.106 /index.php?g=Cliapi&m=Task&a=getData
ERR: 无法加载控制器:Task

[ 2020-03-11T17:00:01+08:00 ] 103.210.236.106 /index.php?g=Cliapi&m=Task&a=getData
ERR: 无法加载控制器:Task

[ 2020-03-11T18:00:01+08:00 ] 103.210.236.106 /index.php?g=Cliapi&m=Task&a=getData
ERR: 无法加载控制器:Task

[ 2020-03-11T18:10:02+08:00 ] 103.210.236.106 /index.php?g=Cliapi&m=Autotask&a=Zixuncaiji
ERR: Server error: `GET https://www.dongqiudi.com/article/1362128` resulted in a `502 Bad Gateway` response:
<!DOCTYPE html PUBLIC "-//W3C//DTD XHTML 1.0 Transitional//EN" "http://www.w3.org/TR/xhtml1/DTD/xhtml1-transitional.dtd" (truncated...)


[ 2020-03-11T19:00:01+08:00 ] 103.210.236.106 /index.php?g=Cliapi&m=Task&a=getData
ERR: 无法加载控制器:Task

[ 2020-03-11T19:20:22+08:00 ] 103.210.236.106 /index.php?g=Cliapi&m=Autotask&a=Zixuncaiji
ERR: Server error: `GET https://www.dongqiudi.com/article/1362172` resulted in a `502 Bad Gateway` response:
<!DOCTYPE html PUBLIC "-//W3C//DTD XHTML 1.0 Transitional//EN" "http://www.w3.org/TR/xhtml1/DTD/xhtml1-transitional.dtd" (truncated...)


[ 2020-03-11T20:00:02+08:00 ] 103.210.236.106 /index.php?g=Cliapi&m=Task&a=getData
ERR: 无法加载控制器:Task

[ 2020-03-11T21:00:01+08:00 ] 103.210.236.106 /index.php?g=Cliapi&m=Task&a=getData
ERR: 无法加载控制器:Task

[ 2020-03-11T22:00:03+08:00 ] 103.210.236.106 /index.php?g=Cliapi&m=Task&a=getData
ERR: 无法加载控制器:Task

[ 2020-03-11T22:02:15+08:00 ] 202.57.46.94 /index.php?g=Cliapi&m=Banner&a=deosdtis
ERR: 非法操作:deosdtis

[ 2020-03-11T22:31:02+08:00 ] 103.210.236.106 /index.php?g=Cliapi&m=Autotask&a=Zixuncaiji
ERR: Server error: `GET https://www.dongqiudi.com/article/1362304` resulted in a `502 Bad Gateway` response:
<!DOCTYPE html PUBLIC "-//W3C//DTD XHTML 1.0 Transitional//EN" "http://www.w3.org/TR/xhtml1/DTD/xhtml1-transitional.dtd" (truncated...)


[ 2020-03-11T22:50:11+08:00 ] 103.210.236.106 /index.php?g=Cliapi&m=Autotask&a=Zixuncaiji
ERR: Server error: `GET https://www.dongqiudi.com/article/1362323` resulted in a `502 Bad Gateway` response:
<!DOCTYPE html PUBLIC "-//W3C//DTD XHTML 1.0 Transitional//EN" "http://www.w3.org/TR/xhtml1/DTD/xhtml1-transitional.dtd" (truncated...)


[ 2020-03-11T23:00:02+08:00 ] 103.210.236.106 /index.php?g=Cliapi&m=Task&a=getData
ERR: 无法加载控制器:Task

